<?xml version="1.0" encoding="UTF-8"?>
<coverage generated="1519334777369" clover="3.2.0">
  <project timestamp="1519334777369" name="All files">
    <metrics statements="144" coveredstatements="21" conditionals="16" coveredconditionals="1" methods="86" coveredmethods="9" elements="246" coveredelements="31" complexity="0" loc="144" ncloc="144" packages="13" files="21" classes="21">
      <package name="js.actions">
        <metrics statements="46" coveredstatements="0" conditionals="0" coveredconditionals="0" methods="32" coveredmethods="0"/>
        <file name="balanceActions.js" path="/Users/luisalves/Documents/dev/code/reactiveflask/fullstack_template/static/js/actions/balanceActions.js">
          <metrics statements="5" coveredstatements="0" conditionals="0" coveredconditionals="0" methods="4" coveredmethods="0"/>
          <line num="5" count="0" type="stmt"/>
          <line num="6" count="0" type="stmt"/>
          <line num="8" count="0" type="stmt"/>
          <line num="10" count="0" type="stmt"/>
          <line num="13" count="0" type="stmt"/>
        </file>
        <file name="transactionsActions.js" path="/Users/luisalves/Documents/dev/code/reactiveflask/fullstack_template/static/js/actions/transactionsActions.js">
          <metrics statements="41" coveredstatements="0" conditionals="0" coveredconditionals="0" methods="28" coveredmethods="0"/>
          <line num="5" count="0" type="stmt"/>
          <line num="6" count="0" type="stmt"/>
          <line num="8" count="0" type="stmt"/>
          <line num="10" count="0" type="stmt"/>
          <line num="13" count="0" type="stmt"/>
          <line num="19" count="0" type="stmt"/>
          <line num="20" count="0" type="stmt"/>
          <line num="22" count="0" type="stmt"/>
          <line num="27" count="0" type="stmt"/>
          <line num="33" count="0" type="stmt"/>
          <line num="39" count="0" type="stmt"/>
          <line num="40" count="0" type="stmt"/>
          <line num="42" count="0" type="stmt"/>
          <line num="45" count="0" type="stmt"/>
          <line num="51" count="0" type="stmt"/>
          <line num="52" count="0" type="stmt"/>
          <line num="54" count="0" type="stmt"/>
          <line num="61" count="0" type="stmt"/>
          <line num="67" count="0" type="stmt"/>
          <line num="72" count="0" type="stmt"/>
          <line num="74" count="0" type="stmt"/>
          <line num="76" count="0" type="stmt"/>
          <line num="79" count="0" type="stmt"/>
          <line num="87" count="0" type="stmt"/>
          <line num="88" count="0" type="stmt"/>
          <line num="89" count="0" type="stmt"/>
          <line num="100" count="0" type="stmt"/>
          <line num="106" count="0" type="stmt"/>
          <line num="111" count="0" type="stmt"/>
          <line num="113" count="0" type="stmt"/>
          <line num="115" count="0" type="stmt"/>
          <line num="118" count="0" type="stmt"/>
          <line num="125" count="0" type="stmt"/>
          <line num="126" count="0" type="stmt"/>
          <line num="128" count="0" type="stmt"/>
          <line num="132" count="0" type="stmt"/>
          <line num="138" count="0" type="stmt"/>
          <line num="143" count="0" type="stmt"/>
          <line num="145" count="0" type="stmt"/>
          <line num="147" count="0" type="stmt"/>
          <line num="150" count="0" type="stmt"/>
        </file>
      </package>
      <package name="js.components.main.body">
        <metrics statements="3" coveredstatements="3" conditionals="0" coveredconditionals="0" methods="2" coveredmethods="2"/>
        <file name="Body.jsx" path="/Users/luisalves/Documents/dev/code/reactiveflask/fullstack_template/static/js/components/main/body/Body.jsx">
          <metrics statements="2" coveredstatements="2" conditionals="0" coveredconditionals="0" methods="1" coveredmethods="1"/>
          <line num="7" count="2" type="stmt"/>
          <line num="8" count="3" type="stmt"/>
        </file>
        <file name="TabMenu.jsx" path="/Users/luisalves/Documents/dev/code/reactiveflask/fullstack_template/static/js/components/main/body/TabMenu.jsx">
          <metrics statements="1" coveredstatements="1" conditionals="0" coveredconditionals="0" methods="1" coveredmethods="1"/>
          <line num="9" count="2" type="stmt"/>
        </file>
      </package>
      <package name="js.components.main.body.accountTransactions">
        <metrics statements="2" coveredstatements="0" conditionals="0" coveredconditionals="0" methods="2" coveredmethods="0"/>
        <file name="BodyAccount.jsx" path="/Users/luisalves/Documents/dev/code/reactiveflask/fullstack_template/static/js/components/main/body/accountTransactions/BodyAccount.jsx">
          <metrics statements="2" coveredstatements="0" conditionals="0" coveredconditionals="0" methods="2" coveredmethods="0"/>
          <line num="9" count="0" type="stmt"/>
          <line num="13" count="0" type="stmt"/>
        </file>
      </package>
      <package name="js.components.main.body.accountTransactions.transactions">
        <metrics statements="12" coveredstatements="0" conditionals="2" coveredconditionals="0" methods="6" coveredmethods="0"/>
        <file name="Transactions.jsx" path="/Users/luisalves/Documents/dev/code/reactiveflask/fullstack_template/static/js/components/main/body/accountTransactions/transactions/Transactions.jsx">
          <metrics statements="12" coveredstatements="0" conditionals="2" coveredconditionals="0" methods="6" coveredmethods="0"/>
          <line num="12" count="0" type="stmt"/>
          <line num="16" count="0" type="stmt"/>
          <line num="17" count="0" type="stmt"/>
          <line num="18" count="0" type="stmt"/>
          <line num="22" count="0" type="stmt"/>
          <line num="30" count="0" type="stmt"/>
          <line num="36" count="0" type="cond" truecount="0" falsecount="2"/>
          <line num="37" count="0" type="stmt"/>
          <line num="38" count="0" type="stmt"/>
          <line num="39" count="0" type="stmt"/>
          <line num="51" count="0" type="stmt"/>
          <line num="56" count="0" type="stmt"/>
        </file>
      </package>
      <package name="js.components.main.body.accountTransactions.transactions.rows">
        <metrics statements="10" coveredstatements="0" conditionals="2" coveredconditionals="0" methods="4" coveredmethods="0"/>
        <file name="Row.jsx" path="/Users/luisalves/Documents/dev/code/reactiveflask/fullstack_template/static/js/components/main/body/accountTransactions/transactions/rows/Row.jsx">
          <metrics statements="10" coveredstatements="0" conditionals="2" coveredconditionals="0" methods="4" coveredmethods="0"/>
          <line num="9" count="0" type="stmt"/>
          <line num="10" count="0" type="stmt"/>
          <line num="11" count="0" type="stmt"/>
          <line num="15" count="0" type="stmt"/>
          <line num="16" count="0" type="stmt"/>
          <line num="20" count="0" type="stmt"/>
          <line num="21" count="0" type="stmt"/>
          <line num="25" count="0" type="stmt"/>
          <line num="26" count="0" type="cond" truecount="0" falsecount="2"/>
          <line num="41" count="0" type="stmt"/>
        </file>
      </package>
      <package name="js.components.main.body.accountTransactions.transactions.rows.dataOutputs">
        <metrics statements="24" coveredstatements="2" conditionals="2" coveredconditionals="0" methods="14" coveredmethods="0"/>
        <file name="InputData.jsx" path="/Users/luisalves/Documents/dev/code/reactiveflask/fullstack_template/static/js/components/main/body/accountTransactions/transactions/rows/dataOutputs/InputData.jsx">
          <metrics statements="18" coveredstatements="2" conditionals="0" coveredconditionals="0" methods="11" coveredmethods="0"/>
          <line num="5" count="2" type="stmt"/>
          <line num="6" count="2" type="stmt"/>
          <line num="12" count="0" type="stmt"/>
          <line num="16" count="0" type="stmt"/>
          <line num="17" count="0" type="stmt"/>
          <line num="29" count="0" type="stmt"/>
          <line num="33" count="0" type="stmt"/>
          <line num="37" count="0" type="stmt"/>
          <line num="41" count="0" type="stmt"/>
          <line num="45" count="0" type="stmt"/>
          <line num="49" count="0" type="stmt"/>
          <line num="53" count="0" type="stmt"/>
          <line num="54" count="0" type="stmt"/>
          <line num="56" count="0" type="stmt"/>
          <line num="57" count="0" type="stmt"/>
          <line num="61" count="0" type="stmt"/>
          <line num="62" count="0" type="stmt"/>
          <line num="66" count="0" type="stmt"/>
        </file>
        <file name="ResultData.jsx" path="/Users/luisalves/Documents/dev/code/reactiveflask/fullstack_template/static/js/components/main/body/accountTransactions/transactions/rows/dataOutputs/ResultData.jsx">
          <metrics statements="6" coveredstatements="0" conditionals="2" coveredconditionals="0" methods="3" coveredmethods="0"/>
          <line num="13" count="0" type="stmt"/>
          <line num="14" count="0" type="stmt"/>
          <line num="18" count="0" type="stmt"/>
          <line num="22" count="0" type="stmt"/>
          <line num="27" count="0" type="stmt"/>
          <line num="31" count="0" type="stmt"/>
        </file>
      </package>
      <package name="js.components.main.body.accountTransactions.transactions.rows.dataOutputs.modal">
        <metrics statements="7" coveredstatements="0" conditionals="2" coveredconditionals="0" methods="4" coveredmethods="0"/>
        <file name="ColorModal.jsx" path="/Users/luisalves/Documents/dev/code/reactiveflask/fullstack_template/static/js/components/main/body/accountTransactions/transactions/rows/dataOutputs/modal/ColorModal.jsx">
          <metrics statements="7" coveredstatements="0" conditionals="2" coveredconditionals="0" methods="4" coveredmethods="0"/>
          <line num="9" count="0" type="stmt"/>
          <line num="13" count="0" type="stmt"/>
          <line num="14" count="0" type="stmt"/>
          <line num="18" count="0" type="stmt"/>
          <line num="22" count="0" type="cond" truecount="0" falsecount="2"/>
          <line num="23" count="0" type="stmt"/>
          <line num="52" count="0" type="stmt"/>
        </file>
      </package>
      <package name="js.components.main.body.accountTransactions.transactions.rows.dataOutputs.transactionElements">
        <metrics statements="24" coveredstatements="3" conditionals="0" coveredconditionals="0" methods="13" coveredmethods="0"/>
        <file name="BookmarkIcon.jsx" path="/Users/luisalves/Documents/dev/code/reactiveflask/fullstack_template/static/js/components/main/body/accountTransactions/transactions/rows/dataOutputs/transactionElements/BookmarkIcon.jsx">
          <metrics statements="6" coveredstatements="1" conditionals="0" coveredconditionals="0" methods="3" coveredmethods="0"/>
          <line num="3" count="2" type="stmt"/>
          <line num="4" count="0" type="stmt"/>
          <line num="5" count="0" type="stmt"/>
          <line num="7" count="0" type="stmt"/>
          <line num="9" count="0" type="stmt"/>
          <line num="12" count="0" type="stmt"/>
        </file>
        <file name="Checkbox.jsx" path="/Users/luisalves/Documents/dev/code/reactiveflask/fullstack_template/static/js/components/main/body/accountTransactions/transactions/rows/dataOutputs/transactionElements/Checkbox.jsx">
          <metrics statements="5" coveredstatements="0" conditionals="0" coveredconditionals="0" methods="3" coveredmethods="0"/>
          <line num="8" count="0" type="stmt"/>
          <line num="12" count="0" type="stmt"/>
          <line num="13" count="0" type="stmt"/>
          <line num="16" count="0" type="stmt"/>
          <line num="17" count="0" type="stmt"/>
        </file>
        <file name="InfoIcon.jsx" path="/Users/luisalves/Documents/dev/code/reactiveflask/fullstack_template/static/js/components/main/body/accountTransactions/transactions/rows/dataOutputs/transactionElements/InfoIcon.jsx">
          <metrics statements="3" coveredstatements="1" conditionals="0" coveredconditionals="0" methods="1" coveredmethods="0"/>
          <line num="4" count="2" type="stmt"/>
          <line num="5" count="0" type="stmt"/>
          <line num="6" count="0" type="stmt"/>
        </file>
        <file name="InputDataFields.jsx" path="/Users/luisalves/Documents/dev/code/reactiveflask/fullstack_template/static/js/components/main/body/accountTransactions/transactions/rows/dataOutputs/transactionElements/InputDataFields.jsx">
          <metrics statements="4" coveredstatements="1" conditionals="0" coveredconditionals="0" methods="2" coveredmethods="0"/>
          <line num="3" count="2" type="stmt"/>
          <line num="4" count="0" type="stmt"/>
          <line num="6" count="0" type="stmt"/>
          <line num="8" count="0" type="stmt"/>
        </file>
        <file name="ReconcileIcon.jsx" path="/Users/luisalves/Documents/dev/code/reactiveflask/fullstack_template/static/js/components/main/body/accountTransactions/transactions/rows/dataOutputs/transactionElements/ReconcileIcon.jsx">
          <metrics statements="6" coveredstatements="0" conditionals="0" coveredconditionals="0" methods="4" coveredmethods="0"/>
          <line num="7" count="0" type="stmt"/>
          <line num="11" count="0" type="stmt"/>
          <line num="12" count="0" type="stmt"/>
          <line num="16" count="0" type="stmt"/>
          <line num="17" count="0" type="stmt"/>
          <line num="21" count="0" type="stmt"/>
        </file>
      </package>
      <package name="js.components.main.body.accountTransactions.transactionsHeader">
        <metrics statements="1" coveredstatements="0" conditionals="0" coveredconditionals="0" methods="1" coveredmethods="0"/>
        <file name="TableHeader.jsx" path="/Users/luisalves/Documents/dev/code/reactiveflask/fullstack_template/static/js/components/main/body/accountTransactions/transactionsHeader/TableHeader.jsx">
          <metrics statements="1" coveredstatements="0" conditionals="0" coveredconditionals="0" methods="1" coveredmethods="0"/>
          <line num="6" count="0" type="stmt"/>
        </file>
      </package>
      <package name="js.components.main.body.headers">
        <metrics statements="2" coveredstatements="2" conditionals="0" coveredconditionals="0" methods="2" coveredmethods="2"/>
        <file name="Header.jsx" path="/Users/luisalves/Documents/dev/code/reactiveflask/fullstack_template/static/js/components/main/body/headers/Header.jsx">
          <metrics statements="1" coveredstatements="1" conditionals="0" coveredconditionals="0" methods="1" coveredmethods="1"/>
          <line num="8" count="2" type="stmt"/>
        </file>
        <file name="Subheader.jsx" path="/Users/luisalves/Documents/dev/code/reactiveflask/fullstack_template/static/js/components/main/body/headers/Subheader.jsx">
          <metrics statements="1" coveredstatements="1" conditionals="0" coveredconditionals="0" methods="1" coveredmethods="1"/>
          <line num="8" count="2" type="stmt"/>
        </file>
      </package>
      <package name="js.components.main.body.headers.account">
        <metrics statements="8" coveredstatements="6" conditionals="8" coveredconditionals="1" methods="5" coveredmethods="4"/>
        <file name="Balance.jsx" path="/Users/luisalves/Documents/dev/code/reactiveflask/fullstack_template/static/js/components/main/body/headers/account/Balance.jsx">
          <metrics statements="8" coveredstatements="6" conditionals="8" coveredconditionals="1" methods="5" coveredmethods="4"/>
          <line num="6" count="4" type="stmt"/>
          <line num="14" count="4" type="stmt"/>
          <line num="15" count="2" type="stmt"/>
          <line num="17" count="0" type="stmt"/>
          <line num="23" count="2" type="stmt"/>
          <line num="32" count="2" type="cond" truecount="1" falsecount="1"/>
          <line num="33" count="0" type="stmt"/>
          <line num="78" count="2" type="stmt"/>
        </file>
      </package>
      <package name="js.components.main.body.headers.subheader">
        <metrics statements="1" coveredstatements="1" conditionals="0" coveredconditionals="0" methods="1" coveredmethods="1"/>
        <file name="LeftOptions.jsx" path="/Users/luisalves/Documents/dev/code/reactiveflask/fullstack_template/static/js/components/main/body/headers/subheader/LeftOptions.jsx">
          <metrics statements="1" coveredstatements="1" conditionals="0" coveredconditionals="0" methods="1" coveredmethods="1"/>
          <line num="5" count="2" type="stmt"/>
        </file>
      </package>
      <package name="test">
        <metrics statements="4" coveredstatements="4" conditionals="0" coveredconditionals="0" methods="0" coveredmethods="0"/>
        <file name="jestsetup.js" path="/Users/luisalves/Documents/dev/code/reactiveflask/fullstack_template/static/test/jestsetup.js">
          <metrics statements="4" coveredstatements="4" conditionals="0" coveredconditionals="0" methods="0" coveredmethods="0"/>
          <line num="4" count="6" type="stmt"/>
          <line num="6" count="6" type="stmt"/>
          <line num="7" count="6" type="stmt"/>
          <line num="8" count="6" type="stmt"/>
        </file>
      </package>
    </metrics>
  </project>
</coverage>
