{"/Users/luisalves/Documents/dev/code/reactiveflask/fullstack_template/static/js/actions/balanceActions.js": {"path":"/Users/luisalves/Documents/dev/code/reactiveflask/fullstack_template/static/js/actions/balanceActions.js","statementMap":{"0":{"start":{"line":5,"column":2},"end":{"line":15,"column":3}},"1":{"start":{"line":6,"column":4},"end":{"line":6,"column":46}},"2":{"start":{"line":8,"column":4},"end":{"line":14,"column":6}},"3":{"start":{"line":10,"column":6},"end":{"line":10,"column":73}},"4":{"start":{"line":13,"column":6},"end":{"line":13,"column":62}}},"fnMap":{"0":{"name":"fetchBalance","decl":{"start":{"line":4,"column":16},"end":{"line":4,"column":28}},"loc":{"start":{"line":4,"column":31},"end":{"line":16,"column":1}},"line":4},"1":{"name":"(anonymous_1)","decl":{"start":{"line":5,"column":9},"end":{"line":5,"column":10}},"loc":{"start":{"line":5,"column":29},"end":{"line":15,"column":3}},"line":5},"2":{"name":"(anonymous_2)","decl":{"start":{"line":9,"column":10},"end":{"line":9,"column":11}},"loc":{"start":{"line":9,"column":22},"end":{"line":11,"column":5}},"line":9},"3":{"name":"(anonymous_3)","decl":{"start":{"line":12,"column":11},"end":{"line":12,"column":12}},"loc":{"start":{"line":12,"column":18},"end":{"line":14,"column":5}},"line":12}},"branchMap":{},"s":{"0":0,"1":0,"2":0,"3":0,"4":0},"f":{"0":0,"1":0,"2":0,"3":0},"b":{},"_coverageSchema":"332fd63041d2c1bcb487cc26dd0d5f7d97098a6c","hash":"53f97683f00dba53496bbd36d905d1751d4beb0c"}
,"/Users/luisalves/Documents/dev/code/reactiveflask/fullstack_template/static/js/actions/transactionsActions.js": {"path":"/Users/luisalves/Documents/dev/code/reactiveflask/fullstack_template/static/js/actions/transactionsActions.js","statementMap":{"0":{"start":{"line":5,"column":2},"end":{"line":15,"column":3}},"1":{"start":{"line":6,"column":4},"end":{"line":6,"column":51}},"2":{"start":{"line":8,"column":4},"end":{"line":14,"column":6}},"3":{"start":{"line":10,"column":6},"end":{"line":10,"column":78}},"4":{"start":{"line":13,"column":6},"end":{"line":13,"column":67}},"5":{"start":{"line":19,"column":2},"end":{"line":47,"column":3}},"6":{"start":{"line":20,"column":4},"end":{"line":20,"column":52}},"7":{"start":{"line":22,"column":4},"end":{"line":36,"column":6}},"8":{"start":{"line":27,"column":6},"end":{"line":30,"column":30}},"9":{"start":{"line":33,"column":6},"end":{"line":35,"column":22}},"10":{"start":{"line":39,"column":4},"end":{"line":39,"column":46}},"11":{"start":{"line":40,"column":4},"end":{"line":46,"column":6}},"12":{"start":{"line":42,"column":6},"end":{"line":42,"column":73}},"13":{"start":{"line":45,"column":6},"end":{"line":45,"column":62}},"14":{"start":{"line":51,"column":2},"end":{"line":81,"column":3}},"15":{"start":{"line":52,"column":4},"end":{"line":52,"column":52}},"16":{"start":{"line":54,"column":4},"end":{"line":70,"column":6}},"17":{"start":{"line":61,"column":6},"end":{"line":64,"column":30}},"18":{"start":{"line":67,"column":6},"end":{"line":69,"column":22}},"19":{"start":{"line":72,"column":4},"end":{"line":72,"column":51}},"20":{"start":{"line":74,"column":4},"end":{"line":80,"column":6}},"21":{"start":{"line":76,"column":6},"end":{"line":76,"column":78}},"22":{"start":{"line":79,"column":6},"end":{"line":79,"column":67}},"23":{"start":{"line":87,"column":2},"end":{"line":120,"column":3}},"24":{"start":{"line":88,"column":4},"end":{"line":88,"column":50}},"25":{"start":{"line":89,"column":4},"end":{"line":109,"column":6}},"26":{"start":{"line":100,"column":6},"end":{"line":103,"column":30}},"27":{"start":{"line":106,"column":6},"end":{"line":108,"column":22}},"28":{"start":{"line":111,"column":4},"end":{"line":111,"column":51}},"29":{"start":{"line":113,"column":4},"end":{"line":119,"column":6}},"30":{"start":{"line":115,"column":6},"end":{"line":115,"column":78}},"31":{"start":{"line":118,"column":6},"end":{"line":118,"column":67}},"32":{"start":{"line":125,"column":2},"end":{"line":152,"column":3}},"33":{"start":{"line":126,"column":4},"end":{"line":126,"column":61}},"34":{"start":{"line":128,"column":4},"end":{"line":141,"column":6}},"35":{"start":{"line":132,"column":6},"end":{"line":135,"column":30}},"36":{"start":{"line":138,"column":6},"end":{"line":140,"column":22}},"37":{"start":{"line":143,"column":4},"end":{"line":143,"column":51}},"38":{"start":{"line":145,"column":4},"end":{"line":151,"column":6}},"39":{"start":{"line":147,"column":6},"end":{"line":147,"column":78}},"40":{"start":{"line":150,"column":6},"end":{"line":150,"column":67}}},"fnMap":{"0":{"name":"fetchTransactions","decl":{"start":{"line":4,"column":16},"end":{"line":4,"column":33}},"loc":{"start":{"line":4,"column":36},"end":{"line":16,"column":1}},"line":4},"1":{"name":"(anonymous_1)","decl":{"start":{"line":5,"column":9},"end":{"line":5,"column":10}},"loc":{"start":{"line":5,"column":29},"end":{"line":15,"column":3}},"line":5},"2":{"name":"(anonymous_2)","decl":{"start":{"line":9,"column":10},"end":{"line":9,"column":11}},"loc":{"start":{"line":9,"column":22},"end":{"line":11,"column":5}},"line":9},"3":{"name":"(anonymous_3)","decl":{"start":{"line":12,"column":11},"end":{"line":12,"column":12}},"loc":{"start":{"line":12,"column":18},"end":{"line":14,"column":5}},"line":12},"4":{"name":"updateTransactions","decl":{"start":{"line":18,"column":16},"end":{"line":18,"column":34}},"loc":{"start":{"line":18,"column":39},"end":{"line":48,"column":1}},"line":18},"5":{"name":"(anonymous_5)","decl":{"start":{"line":19,"column":9},"end":{"line":19,"column":10}},"loc":{"start":{"line":19,"column":29},"end":{"line":47,"column":3}},"line":19},"6":{"name":"(anonymous_6)","decl":{"start":{"line":26,"column":9},"end":{"line":26,"column":10}},"loc":{"start":{"line":26,"column":21},"end":{"line":31,"column":5}},"line":26},"7":{"name":"(anonymous_7)","decl":{"start":{"line":32,"column":11},"end":{"line":32,"column":12}},"loc":{"start":{"line":32,"column":18},"end":{"line":36,"column":5}},"line":32},"8":{"name":"(anonymous_8)","decl":{"start":{"line":41,"column":10},"end":{"line":41,"column":11}},"loc":{"start":{"line":41,"column":22},"end":{"line":43,"column":5}},"line":41},"9":{"name":"(anonymous_9)","decl":{"start":{"line":44,"column":11},"end":{"line":44,"column":12}},"loc":{"start":{"line":44,"column":18},"end":{"line":46,"column":5}},"line":44},"10":{"name":"updateTransactionsBookmark","decl":{"start":{"line":50,"column":16},"end":{"line":50,"column":42}},"loc":{"start":{"line":50,"column":54},"end":{"line":82,"column":1}},"line":50},"11":{"name":"(anonymous_11)","decl":{"start":{"line":51,"column":9},"end":{"line":51,"column":10}},"loc":{"start":{"line":51,"column":29},"end":{"line":81,"column":3}},"line":51},"12":{"name":"(anonymous_12)","decl":{"start":{"line":60,"column":11},"end":{"line":60,"column":12}},"loc":{"start":{"line":60,"column":23},"end":{"line":65,"column":5}},"line":60},"13":{"name":"(anonymous_13)","decl":{"start":{"line":66,"column":11},"end":{"line":66,"column":12}},"loc":{"start":{"line":66,"column":18},"end":{"line":70,"column":5}},"line":66},"14":{"name":"(anonymous_14)","decl":{"start":{"line":75,"column":10},"end":{"line":75,"column":11}},"loc":{"start":{"line":75,"column":22},"end":{"line":77,"column":5}},"line":75},"15":{"name":"(anonymous_15)","decl":{"start":{"line":78,"column":11},"end":{"line":78,"column":12}},"loc":{"start":{"line":78,"column":18},"end":{"line":80,"column":5}},"line":78},"16":{"name":"updateTransactionsInputData","decl":{"start":{"line":85,"column":16},"end":{"line":85,"column":43}},"loc":{"start":{"line":85,"column":56},"end":{"line":121,"column":1}},"line":85},"17":{"name":"(anonymous_17)","decl":{"start":{"line":87,"column":9},"end":{"line":87,"column":10}},"loc":{"start":{"line":87,"column":29},"end":{"line":120,"column":3}},"line":87},"18":{"name":"(anonymous_18)","decl":{"start":{"line":98,"column":11},"end":{"line":98,"column":12}},"loc":{"start":{"line":98,"column":23},"end":{"line":104,"column":5}},"line":98},"19":{"name":"(anonymous_19)","decl":{"start":{"line":105,"column":11},"end":{"line":105,"column":12}},"loc":{"start":{"line":105,"column":18},"end":{"line":109,"column":5}},"line":105},"20":{"name":"(anonymous_20)","decl":{"start":{"line":114,"column":10},"end":{"line":114,"column":11}},"loc":{"start":{"line":114,"column":22},"end":{"line":116,"column":5}},"line":114},"21":{"name":"(anonymous_21)","decl":{"start":{"line":117,"column":11},"end":{"line":117,"column":12}},"loc":{"start":{"line":117,"column":18},"end":{"line":119,"column":5}},"line":117},"22":{"name":"updateTransactionsCheckbox","decl":{"start":{"line":124,"column":16},"end":{"line":124,"column":42}},"loc":{"start":{"line":124,"column":47},"end":{"line":153,"column":1}},"line":124},"23":{"name":"(anonymous_23)","decl":{"start":{"line":125,"column":9},"end":{"line":125,"column":10}},"loc":{"start":{"line":125,"column":29},"end":{"line":152,"column":3}},"line":125},"24":{"name":"(anonymous_24)","decl":{"start":{"line":131,"column":11},"end":{"line":131,"column":12}},"loc":{"start":{"line":131,"column":23},"end":{"line":136,"column":5}},"line":131},"25":{"name":"(anonymous_25)","decl":{"start":{"line":137,"column":11},"end":{"line":137,"column":12}},"loc":{"start":{"line":137,"column":18},"end":{"line":141,"column":5}},"line":137},"26":{"name":"(anonymous_26)","decl":{"start":{"line":146,"column":10},"end":{"line":146,"column":11}},"loc":{"start":{"line":146,"column":22},"end":{"line":148,"column":5}},"line":146},"27":{"name":"(anonymous_27)","decl":{"start":{"line":149,"column":11},"end":{"line":149,"column":12}},"loc":{"start":{"line":149,"column":18},"end":{"line":151,"column":5}},"line":149}},"branchMap":{},"s":{"0":0,"1":0,"2":0,"3":0,"4":0,"5":0,"6":0,"7":0,"8":0,"9":0,"10":0,"11":0,"12":0,"13":0,"14":0,"15":0,"16":0,"17":0,"18":0,"19":0,"20":0,"21":0,"22":0,"23":0,"24":0,"25":0,"26":0,"27":0,"28":0,"29":0,"30":0,"31":0,"32":0,"33":0,"34":0,"35":0,"36":0,"37":0,"38":0,"39":0,"40":0},"f":{"0":0,"1":0,"2":0,"3":0,"4":0,"5":0,"6":0,"7":0,"8":0,"9":0,"10":0,"11":0,"12":0,"13":0,"14":0,"15":0,"16":0,"17":0,"18":0,"19":0,"20":0,"21":0,"22":0,"23":0,"24":0,"25":0,"26":0,"27":0},"b":{},"_coverageSchema":"332fd63041d2c1bcb487cc26dd0d5f7d97098a6c","hash":"095817a73568a3d3b5e37ae831d0945a2c58af95"}
,"/Users/luisalves/Documents/dev/code/reactiveflask/fullstack_template/static/js/components/main/body/Body.jsx": {"path":"/Users/luisalves/Documents/dev/code/reactiveflask/fullstack_template/static/js/components/main/body/Body.jsx","statementMap":{"0":{"start":{"line":7,"column":13},"end":{"line":22,"column":1}},"1":{"start":{"line":8,"column":4},"end":{"line":21,"column":5}}},"fnMap":{"0":{"name":"(anonymous_0)","decl":{"start":{"line":7,"column":13},"end":{"line":7,"column":14}},"loc":{"start":{"line":7,"column":19},"end":{"line":22,"column":1}},"line":7}},"branchMap":{},"s":{"0":2,"1":3},"f":{"0":3},"b":{},"_coverageSchema":"332fd63041d2c1bcb487cc26dd0d5f7d97098a6c","hash":"3e047e503f49d3bd9f5edb48df873b01750c235a"}
,"/Users/luisalves/Documents/dev/code/reactiveflask/fullstack_template/static/js/components/main/body/TabMenu.jsx": {"path":"/Users/luisalves/Documents/dev/code/reactiveflask/fullstack_template/static/js/components/main/body/TabMenu.jsx","statementMap":{"0":{"start":{"line":9,"column":4},"end":{"line":23,"column":5}}},"fnMap":{"0":{"name":"(anonymous_0)","decl":{"start":{"line":8,"column":2},"end":{"line":8,"column":3}},"loc":{"start":{"line":8,"column":12},"end":{"line":24,"column":3}},"line":8}},"branchMap":{},"s":{"0":2},"f":{"0":2},"b":{},"_coverageSchema":"332fd63041d2c1bcb487cc26dd0d5f7d97098a6c","hash":"20fb6e25ee29cb7ca7940b7e24cc9b2844b2cccd"}
,"/Users/luisalves/Documents/dev/code/reactiveflask/fullstack_template/static/js/components/main/body/accountTransactions/BodyAccount.jsx": {"path":"/Users/luisalves/Documents/dev/code/reactiveflask/fullstack_template/static/js/components/main/body/accountTransactions/BodyAccount.jsx","statementMap":{"0":{"start":{"line":9,"column":4},"end":{"line":9,"column":16}},"1":{"start":{"line":13,"column":4},"end":{"line":22,"column":5}}},"fnMap":{"0":{"name":"(anonymous_0)","decl":{"start":{"line":8,"column":2},"end":{"line":8,"column":3}},"loc":{"start":{"line":8,"column":22},"end":{"line":10,"column":3}},"line":8},"1":{"name":"(anonymous_1)","decl":{"start":{"line":12,"column":2},"end":{"line":12,"column":3}},"loc":{"start":{"line":12,"column":12},"end":{"line":23,"column":3}},"line":12}},"branchMap":{},"s":{"0":0,"1":0},"f":{"0":0,"1":0},"b":{},"_coverageSchema":"332fd63041d2c1bcb487cc26dd0d5f7d97098a6c","hash":"b26096402231cefc67feade4595596843660b3b3"}
,"/Users/luisalves/Documents/dev/code/reactiveflask/fullstack_template/static/js/components/main/body/accountTransactions/transactions/Transactions.jsx": {"path":"/Users/luisalves/Documents/dev/code/reactiveflask/fullstack_template/static/js/components/main/body/accountTransactions/transactions/Transactions.jsx","statementMap":{"0":{"start":{"line":16,"column":8},"end":{"line":16,"column":20}},"1":{"start":{"line":17,"column":8},"end":{"line":17,"column":48}},"2":{"start":{"line":18,"column":8},"end":{"line":18,"column":58}},"3":{"start":{"line":22,"column":6},"end":{"line":26,"column":8}},"4":{"start":{"line":30,"column":6},"end":{"line":32,"column":8}},"5":{"start":{"line":36,"column":6},"end":{"line":64,"column":7}},"6":{"start":{"line":37,"column":23},"end":{"line":37,"column":33}},"7":{"start":{"line":38,"column":24},"end":{"line":50,"column":7}},"8":{"start":{"line":39,"column":10},"end":{"line":49,"column":12}},"9":{"start":{"line":51,"column":8},"end":{"line":53,"column":7}},"10":{"start":{"line":56,"column":8},"end":{"line":63,"column":9}},"11":{"start":{"line":12,"column":4},"end":{"line":12,"column":60}}},"fnMap":{"0":{"name":"(anonymous_0)","decl":{"start":{"line":15,"column":4},"end":{"line":15,"column":5}},"loc":{"start":{"line":15,"column":23},"end":{"line":19,"column":5}},"line":15},"1":{"name":"(anonymous_1)","decl":{"start":{"line":21,"column":19},"end":{"line":21,"column":20}},"loc":{"start":{"line":21,"column":39},"end":{"line":27,"column":5}},"line":21},"2":{"name":"(anonymous_2)","decl":{"start":{"line":29,"column":21},"end":{"line":29,"column":22}},"loc":{"start":{"line":29,"column":41},"end":{"line":33,"column":5}},"line":29},"3":{"name":"(anonymous_3)","decl":{"start":{"line":35,"column":4},"end":{"line":35,"column":5}},"loc":{"start":{"line":35,"column":13},"end":{"line":65,"column":5}},"line":35},"4":{"name":"(anonymous_4)","decl":{"start":{"line":38,"column":52},"end":{"line":38,"column":53}},"loc":{"start":{"line":39,"column":10},"end":{"line":49,"column":12}},"line":39},"5":{"name":"(anonymous_5)","decl":{"start":{"line":11,"column":9},"end":{"line":11,"column":10}},"loc":{"start":{"line":11,"column":18},"end":{"line":13,"column":1}},"line":11}},"branchMap":{"0":{"loc":{"start":{"line":36,"column":6},"end":{"line":64,"column":7}},"type":"if","locations":[{"start":{"line":36,"column":6},"end":{"line":64,"column":7}},{"start":{"line":36,"column":6},"end":{"line":64,"column":7}}],"line":36}},"s":{"0":0,"1":0,"2":0,"3":0,"4":0,"5":0,"6":0,"7":0,"8":0,"9":0,"10":0,"11":0},"f":{"0":0,"1":0,"2":0,"3":0,"4":0,"5":0},"b":{"0":[0,0]},"_coverageSchema":"332fd63041d2c1bcb487cc26dd0d5f7d97098a6c","hash":"b4a5d77fb8666f46b75e30097ff02d929e84cb5b"}
,"/Users/luisalves/Documents/dev/code/reactiveflask/fullstack_template/static/js/components/main/body/accountTransactions/transactions/rows/Row.jsx": {"path":"/Users/luisalves/Documents/dev/code/reactiveflask/fullstack_template/static/js/components/main/body/accountTransactions/transactions/rows/Row.jsx","statementMap":{"0":{"start":{"line":9,"column":4},"end":{"line":9,"column":16}},"1":{"start":{"line":10,"column":4},"end":{"line":10,"column":56}},"2":{"start":{"line":11,"column":4},"end":{"line":11,"column":70}},"3":{"start":{"line":15,"column":43},"end":{"line":15,"column":53}},"4":{"start":{"line":16,"column":4},"end":{"line":16,"column":32}},"5":{"start":{"line":20,"column":45},"end":{"line":20,"column":55}},"6":{"start":{"line":21,"column":4},"end":{"line":21,"column":34}},"7":{"start":{"line":25,"column":42},"end":{"line":25,"column":52}},"8":{"start":{"line":26,"column":32},"end":{"line":39,"column":5}},"9":{"start":{"line":41,"column":4},"end":{"line":41,"column":30}}},"fnMap":{"0":{"name":"(anonymous_0)","decl":{"start":{"line":8,"column":2},"end":{"line":8,"column":3}},"loc":{"start":{"line":8,"column":21},"end":{"line":12,"column":3}},"line":8},"1":{"name":"(anonymous_1)","decl":{"start":{"line":14,"column":2},"end":{"line":14,"column":3}},"loc":{"start":{"line":14,"column":19},"end":{"line":17,"column":3}},"line":14},"2":{"name":"(anonymous_2)","decl":{"start":{"line":19,"column":2},"end":{"line":19,"column":3}},"loc":{"start":{"line":19,"column":26},"end":{"line":22,"column":3}},"line":19},"3":{"name":"(anonymous_3)","decl":{"start":{"line":24,"column":2},"end":{"line":24,"column":3}},"loc":{"start":{"line":24,"column":11},"end":{"line":42,"column":3}},"line":24}},"branchMap":{"0":{"loc":{"start":{"line":26,"column":32},"end":{"line":39,"column":5}},"type":"cond-expr","locations":[{"start":{"line":27,"column":6},"end":{"line":30,"column":34}},{"start":{"line":32,"column":6},"end":{"line":38,"column":8}}],"line":26}},"s":{"0":0,"1":0,"2":0,"3":0,"4":0,"5":0,"6":0,"7":0,"8":0,"9":0},"f":{"0":0,"1":0,"2":0,"3":0},"b":{"0":[0,0]},"_coverageSchema":"332fd63041d2c1bcb487cc26dd0d5f7d97098a6c","hash":"112ce616867a920766ba1d647bb08eb26d04b059"}
,"/Users/luisalves/Documents/dev/code/reactiveflask/fullstack_template/static/js/components/main/body/accountTransactions/transactions/rows/dataOutputs/InputData.jsx": {"path":"/Users/luisalves/Documents/dev/code/reactiveflask/fullstack_template/static/js/components/main/body/accountTransactions/transactions/rows/dataOutputs/InputData.jsx","statementMap":{"0":{"start":{"line":5,"column":0},"end":{"line":5,"column":58}},"1":{"start":{"line":6,"column":15},"end":{"line":6,"column":32}},"2":{"start":{"line":16,"column":4},"end":{"line":16,"column":16}},"3":{"start":{"line":17,"column":4},"end":{"line":25,"column":5}},"4":{"start":{"line":29,"column":4},"end":{"line":29,"column":37}},"5":{"start":{"line":33,"column":4},"end":{"line":33,"column":42}},"6":{"start":{"line":37,"column":4},"end":{"line":37,"column":45}},"7":{"start":{"line":41,"column":4},"end":{"line":41,"column":41}},"8":{"start":{"line":45,"column":4},"end":{"line":45,"column":44}},"9":{"start":{"line":49,"column":4},"end":{"line":49,"column":43}},"10":{"start":{"line":53,"column":4},"end":{"line":53,"column":22}},"11":{"start":{"line":54,"column":17},"end":{"line":54,"column":80}},"12":{"start":{"line":56,"column":4},"end":{"line":56,"column":70}},"13":{"start":{"line":57,"column":4},"end":{"line":57,"column":38}},"14":{"start":{"line":61,"column":4},"end":{"line":61,"column":22}},"15":{"start":{"line":62,"column":4},"end":{"line":62,"column":38}},"16":{"start":{"line":66,"column":4},"end":{"line":147,"column":5}},"17":{"start":{"line":12,"column":4},"end":{"line":12,"column":60}}},"fnMap":{"0":{"name":"(anonymous_0)","decl":{"start":{"line":15,"column":2},"end":{"line":15,"column":3}},"loc":{"start":{"line":15,"column":21},"end":{"line":26,"column":3}},"line":15},"1":{"name":"(anonymous_1)","decl":{"start":{"line":28,"column":21},"end":{"line":28,"column":22}},"loc":{"start":{"line":28,"column":31},"end":{"line":30,"column":3}},"line":28},"2":{"name":"(anonymous_2)","decl":{"start":{"line":32,"column":16},"end":{"line":32,"column":17}},"loc":{"start":{"line":32,"column":23},"end":{"line":34,"column":3}},"line":32},"3":{"name":"(anonymous_3)","decl":{"start":{"line":36,"column":19},"end":{"line":36,"column":20}},"loc":{"start":{"line":36,"column":26},"end":{"line":38,"column":3}},"line":36},"4":{"name":"(anonymous_4)","decl":{"start":{"line":40,"column":15},"end":{"line":40,"column":16}},"loc":{"start":{"line":40,"column":22},"end":{"line":42,"column":3}},"line":40},"5":{"name":"(anonymous_5)","decl":{"start":{"line":44,"column":18},"end":{"line":44,"column":19}},"loc":{"start":{"line":44,"column":25},"end":{"line":46,"column":3}},"line":44},"6":{"name":"(anonymous_6)","decl":{"start":{"line":48,"column":17},"end":{"line":48,"column":18}},"loc":{"start":{"line":48,"column":24},"end":{"line":50,"column":3}},"line":48},"7":{"name":"(anonymous_7)","decl":{"start":{"line":52,"column":17},"end":{"line":52,"column":18}},"loc":{"start":{"line":52,"column":24},"end":{"line":58,"column":3}},"line":52},"8":{"name":"(anonymous_8)","decl":{"start":{"line":60,"column":22},"end":{"line":60,"column":23}},"loc":{"start":{"line":60,"column":29},"end":{"line":63,"column":3}},"line":60},"9":{"name":"(anonymous_9)","decl":{"start":{"line":65,"column":2},"end":{"line":65,"column":3}},"loc":{"start":{"line":65,"column":11},"end":{"line":148,"column":3}},"line":65},"10":{"name":"(anonymous_10)","decl":{"start":{"line":11,"column":9},"end":{"line":11,"column":10}},"loc":{"start":{"line":11,"column":18},"end":{"line":13,"column":1}},"line":11}},"branchMap":{},"s":{"0":2,"1":2,"2":0,"3":0,"4":0,"5":0,"6":0,"7":0,"8":0,"9":0,"10":0,"11":0,"12":0,"13":0,"14":0,"15":0,"16":0,"17":0},"f":{"0":0,"1":0,"2":0,"3":0,"4":0,"5":0,"6":0,"7":0,"8":0,"9":0,"10":0},"b":{},"_coverageSchema":"332fd63041d2c1bcb487cc26dd0d5f7d97098a6c","hash":"d99b9127090b8e3b72314f52937bddf8d769dfae"}
,"/Users/luisalves/Documents/dev/code/reactiveflask/fullstack_template/static/js/components/main/body/accountTransactions/transactions/rows/dataOutputs/ResultData.jsx": {"path":"/Users/luisalves/Documents/dev/code/reactiveflask/fullstack_template/static/js/components/main/body/accountTransactions/transactions/rows/dataOutputs/ResultData.jsx","statementMap":{"0":{"start":{"line":13,"column":4},"end":{"line":13,"column":16}},"1":{"start":{"line":14,"column":4},"end":{"line":17,"column":5}},"2":{"start":{"line":18,"column":4},"end":{"line":18,"column":66}},"3":{"start":{"line":22,"column":4},"end":{"line":26,"column":6}},"4":{"start":{"line":27,"column":4},"end":{"line":27,"column":27}},"5":{"start":{"line":31,"column":4},"end":{"line":81,"column":5}}},"fnMap":{"0":{"name":"(anonymous_0)","decl":{"start":{"line":12,"column":2},"end":{"line":12,"column":3}},"loc":{"start":{"line":12,"column":21},"end":{"line":19,"column":3}},"line":12},"1":{"name":"(anonymous_1)","decl":{"start":{"line":21,"column":2},"end":{"line":21,"column":3}},"loc":{"start":{"line":21,"column":29},"end":{"line":28,"column":3}},"line":21},"2":{"name":"(anonymous_2)","decl":{"start":{"line":30,"column":2},"end":{"line":30,"column":3}},"loc":{"start":{"line":30,"column":11},"end":{"line":81,"column":6}},"line":30}},"branchMap":{"0":{"loc":{"start":{"line":54,"column":10},"end":{"line":64,"column":16}},"type":"cond-expr","locations":[{"start":{"line":55,"column":10},"end":{"line":63,"column":16}},{"start":{"line":64,"column":12},"end":{"line":64,"column":16}}],"line":54}},"s":{"0":0,"1":0,"2":0,"3":0,"4":0,"5":0},"f":{"0":0,"1":0,"2":0},"b":{"0":[0,0]},"_coverageSchema":"332fd63041d2c1bcb487cc26dd0d5f7d97098a6c","hash":"cc62423a89c83afa05f8af4fbb7c0a4e4a580bfc"}
,"/Users/luisalves/Documents/dev/code/reactiveflask/fullstack_template/static/js/components/main/body/accountTransactions/transactions/rows/dataOutputs/modal/ColorModal.jsx": {"path":"/Users/luisalves/Documents/dev/code/reactiveflask/fullstack_template/static/js/components/main/body/accountTransactions/transactions/rows/dataOutputs/modal/ColorModal.jsx","statementMap":{"0":{"start":{"line":13,"column":4},"end":{"line":13,"column":16}},"1":{"start":{"line":14,"column":4},"end":{"line":14,"column":66}},"2":{"start":{"line":18,"column":4},"end":{"line":18,"column":62}},"3":{"start":{"line":22,"column":4},"end":{"line":51,"column":5}},"4":{"start":{"line":23,"column":6},"end":{"line":50,"column":7}},"5":{"start":{"line":52,"column":4},"end":{"line":55,"column":5}},"6":{"start":{"line":9,"column":2},"end":{"line":9,"column":58}}},"fnMap":{"0":{"name":"(anonymous_0)","decl":{"start":{"line":12,"column":2},"end":{"line":12,"column":3}},"loc":{"start":{"line":12,"column":21},"end":{"line":15,"column":3}},"line":12},"1":{"name":"(anonymous_1)","decl":{"start":{"line":17,"column":2},"end":{"line":17,"column":3}},"loc":{"start":{"line":17,"column":33},"end":{"line":19,"column":3}},"line":17},"2":{"name":"(anonymous_2)","decl":{"start":{"line":21,"column":2},"end":{"line":21,"column":3}},"loc":{"start":{"line":21,"column":12},"end":{"line":56,"column":3}},"line":21},"3":{"name":"(anonymous_3)","decl":{"start":{"line":8,"column":10},"end":{"line":8,"column":11}},"loc":{"start":{"line":8,"column":19},"end":{"line":10,"column":1}},"line":8}},"branchMap":{"0":{"loc":{"start":{"line":22,"column":4},"end":{"line":51,"column":5}},"type":"if","locations":[{"start":{"line":22,"column":4},"end":{"line":51,"column":5}},{"start":{"line":22,"column":4},"end":{"line":51,"column":5}}],"line":22}},"s":{"0":0,"1":0,"2":0,"3":0,"4":0,"5":0,"6":0},"f":{"0":0,"1":0,"2":0,"3":0},"b":{"0":[0,0]},"_coverageSchema":"332fd63041d2c1bcb487cc26dd0d5f7d97098a6c","hash":"c588aec4bdfdcc5d7f72226603a7c379ee5c9155"}
,"/Users/luisalves/Documents/dev/code/reactiveflask/fullstack_template/static/js/components/main/body/accountTransactions/transactions/rows/dataOutputs/transactionElements/BookmarkIcon.jsx": {"path":"/Users/luisalves/Documents/dev/code/reactiveflask/fullstack_template/static/js/components/main/body/accountTransactions/transactions/rows/dataOutputs/transactionElements/BookmarkIcon.jsx","statementMap":{"0":{"start":{"line":3,"column":21},"end":{"line":16,"column":1}},"1":{"start":{"line":4,"column":28},"end":{"line":4,"column":57}},"2":{"start":{"line":5,"column":21},"end":{"line":5,"column":53}},"3":{"start":{"line":7,"column":30},"end":{"line":7,"column":65}},"4":{"start":{"line":7,"column":37},"end":{"line":7,"column":65}},"5":{"start":{"line":9,"column":2},"end":{"line":15,"column":3}},"6":{"start":{"line":12,"column":24},"end":{"line":12,"column":46}}},"fnMap":{"0":{"name":"(anonymous_0)","decl":{"start":{"line":3,"column":21},"end":{"line":3,"column":22}},"loc":{"start":{"line":3,"column":32},"end":{"line":16,"column":1}},"line":3},"1":{"name":"(anonymous_1)","decl":{"start":{"line":7,"column":30},"end":{"line":7,"column":31}},"loc":{"start":{"line":7,"column":37},"end":{"line":7,"column":65}},"line":7},"2":{"name":"(anonymous_2)","decl":{"start":{"line":12,"column":17},"end":{"line":12,"column":18}},"loc":{"start":{"line":12,"column":24},"end":{"line":12,"column":46}},"line":12}},"branchMap":{},"s":{"0":2,"1":0,"2":0,"3":0,"4":0,"5":0,"6":0},"f":{"0":0,"1":0,"2":0},"b":{},"_coverageSchema":"332fd63041d2c1bcb487cc26dd0d5f7d97098a6c","hash":"b32fa376c2e877e0bcc796e314e59c38c07ff860"}
,"/Users/luisalves/Documents/dev/code/reactiveflask/fullstack_template/static/js/components/main/body/accountTransactions/transactions/rows/dataOutputs/transactionElements/Checkbox.jsx": {"path":"/Users/luisalves/Documents/dev/code/reactiveflask/fullstack_template/static/js/components/main/body/accountTransactions/transactions/rows/dataOutputs/transactionElements/Checkbox.jsx","statementMap":{"0":{"start":{"line":12,"column":27},"end":{"line":12,"column":37}},"1":{"start":{"line":13,"column":4},"end":{"line":13,"column":63}},"2":{"start":{"line":16,"column":29},"end":{"line":16,"column":39}},"3":{"start":{"line":17,"column":4},"end":{"line":23,"column":5}},"4":{"start":{"line":8,"column":2},"end":{"line":8,"column":58}}},"fnMap":{"0":{"name":"(anonymous_0)","decl":{"start":{"line":11,"column":10},"end":{"line":11,"column":11}},"loc":{"start":{"line":11,"column":16},"end":{"line":14,"column":3}},"line":11},"1":{"name":"(anonymous_1)","decl":{"start":{"line":15,"column":2},"end":{"line":15,"column":3}},"loc":{"start":{"line":15,"column":11},"end":{"line":24,"column":2}},"line":15},"2":{"name":"(anonymous_2)","decl":{"start":{"line":7,"column":9},"end":{"line":7,"column":10}},"loc":{"start":{"line":7,"column":18},"end":{"line":9,"column":1}},"line":7}},"branchMap":{},"s":{"0":0,"1":0,"2":0,"3":0,"4":0},"f":{"0":0,"1":0,"2":0},"b":{},"_coverageSchema":"332fd63041d2c1bcb487cc26dd0d5f7d97098a6c","hash":"c9a3b110803df34d21b29372695ccef954716bed"}
,"/Users/luisalves/Documents/dev/code/reactiveflask/fullstack_template/static/js/components/main/body/accountTransactions/transactions/rows/dataOutputs/transactionElements/InfoIcon.jsx": {"path":"/Users/luisalves/Documents/dev/code/reactiveflask/fullstack_template/static/js/components/main/body/accountTransactions/transactions/rows/dataOutputs/transactionElements/InfoIcon.jsx","statementMap":{"0":{"start":{"line":4,"column":17},"end":{"line":11,"column":1}},"1":{"start":{"line":5,"column":20},"end":{"line":5,"column":35}},"2":{"start":{"line":6,"column":2},"end":{"line":10,"column":3}}},"fnMap":{"0":{"name":"(anonymous_0)","decl":{"start":{"line":4,"column":17},"end":{"line":4,"column":18}},"loc":{"start":{"line":4,"column":28},"end":{"line":11,"column":1}},"line":4}},"branchMap":{},"s":{"0":2,"1":0,"2":0},"f":{"0":0},"b":{},"_coverageSchema":"332fd63041d2c1bcb487cc26dd0d5f7d97098a6c","hash":"a84a7b414c4b6248ea3d1ea1b849a9c805e50a0e"}
,"/Users/luisalves/Documents/dev/code/reactiveflask/fullstack_template/static/js/components/main/body/accountTransactions/transactions/rows/dataOutputs/transactionElements/InputDataFields.jsx": {"path":"/Users/luisalves/Documents/dev/code/reactiveflask/fullstack_template/static/js/components/main/body/accountTransactions/transactions/rows/dataOutputs/transactionElements/InputDataFields.jsx","statementMap":{"0":{"start":{"line":3,"column":24},"end":{"line":19,"column":1}},"1":{"start":{"line":4,"column":25},"end":{"line":4,"column":45}},"2":{"start":{"line":6,"column":25},"end":{"line":6,"column":53}},"3":{"start":{"line":6,"column":31},"end":{"line":6,"column":53}},"4":{"start":{"line":8,"column":2},"end":{"line":18,"column":3}}},"fnMap":{"0":{"name":"(anonymous_0)","decl":{"start":{"line":3,"column":24},"end":{"line":3,"column":25}},"loc":{"start":{"line":3,"column":35},"end":{"line":19,"column":1}},"line":3},"1":{"name":"(anonymous_1)","decl":{"start":{"line":6,"column":25},"end":{"line":6,"column":26}},"loc":{"start":{"line":6,"column":31},"end":{"line":6,"column":53}},"line":6}},"branchMap":{},"s":{"0":2,"1":0,"2":0,"3":0,"4":0},"f":{"0":0,"1":0},"b":{},"_coverageSchema":"332fd63041d2c1bcb487cc26dd0d5f7d97098a6c","hash":"35aa8efd63c4024c927ff6ad6e23b766c06bf6ea"}
,"/Users/luisalves/Documents/dev/code/reactiveflask/fullstack_template/static/js/components/main/body/accountTransactions/transactions/rows/dataOutputs/transactionElements/ReconcileIcon.jsx": {"path":"/Users/luisalves/Documents/dev/code/reactiveflask/fullstack_template/static/js/components/main/body/accountTransactions/transactions/rows/dataOutputs/transactionElements/ReconcileIcon.jsx","statementMap":{"0":{"start":{"line":11,"column":4},"end":{"line":11,"column":16}},"1":{"start":{"line":12,"column":4},"end":{"line":12,"column":66}},"2":{"start":{"line":16,"column":24},"end":{"line":16,"column":64}},"3":{"start":{"line":17,"column":5},"end":{"line":17,"column":56}},"4":{"start":{"line":21,"column":6},"end":{"line":27,"column":7}},"5":{"start":{"line":7,"column":2},"end":{"line":7,"column":58}}},"fnMap":{"0":{"name":"(anonymous_0)","decl":{"start":{"line":10,"column":2},"end":{"line":10,"column":3}},"loc":{"start":{"line":10,"column":21},"end":{"line":13,"column":3}},"line":10},"1":{"name":"(anonymous_1)","decl":{"start":{"line":15,"column":2},"end":{"line":15,"column":3}},"loc":{"start":{"line":15,"column":24},"end":{"line":18,"column":3}},"line":15},"2":{"name":"(anonymous_2)","decl":{"start":{"line":20,"column":2},"end":{"line":20,"column":3}},"loc":{"start":{"line":20,"column":11},"end":{"line":29,"column":3}},"line":20},"3":{"name":"(anonymous_3)","decl":{"start":{"line":6,"column":9},"end":{"line":6,"column":10}},"loc":{"start":{"line":6,"column":18},"end":{"line":8,"column":1}},"line":6}},"branchMap":{},"s":{"0":0,"1":0,"2":0,"3":0,"4":0,"5":0},"f":{"0":0,"1":0,"2":0,"3":0},"b":{},"_coverageSchema":"332fd63041d2c1bcb487cc26dd0d5f7d97098a6c","hash":"64cc0fc5cf8d00b33f0faea4cfec79b8ca5eb880"}
,"/Users/luisalves/Documents/dev/code/reactiveflask/fullstack_template/static/js/components/main/body/accountTransactions/transactionsHeader/TableHeader.jsx": {"path":"/Users/luisalves/Documents/dev/code/reactiveflask/fullstack_template/static/js/components/main/body/accountTransactions/transactionsHeader/TableHeader.jsx","statementMap":{"0":{"start":{"line":6,"column":4},"end":{"line":30,"column":5}}},"fnMap":{"0":{"name":"(anonymous_0)","decl":{"start":{"line":5,"column":2},"end":{"line":5,"column":3}},"loc":{"start":{"line":5,"column":12},"end":{"line":31,"column":3}},"line":5}},"branchMap":{},"s":{"0":0},"f":{"0":0},"b":{},"_coverageSchema":"332fd63041d2c1bcb487cc26dd0d5f7d97098a6c","hash":"9f9ecdcfd91a955b398a424e5955e1e1fc91b58f"}
,"/Users/luisalves/Documents/dev/code/reactiveflask/fullstack_template/static/js/components/main/body/headers/Header.jsx": {"path":"/Users/luisalves/Documents/dev/code/reactiveflask/fullstack_template/static/js/components/main/body/headers/Header.jsx","statementMap":{"0":{"start":{"line":8,"column":4},"end":{"line":12,"column":5}}},"fnMap":{"0":{"name":"(anonymous_0)","decl":{"start":{"line":7,"column":2},"end":{"line":7,"column":3}},"loc":{"start":{"line":7,"column":12},"end":{"line":13,"column":3}},"line":7}},"branchMap":{},"s":{"0":2},"f":{"0":2},"b":{},"_coverageSchema":"332fd63041d2c1bcb487cc26dd0d5f7d97098a6c","hash":"c6562007e5ec978f375d57c86664e49f62e0926b"}
,"/Users/luisalves/Documents/dev/code/reactiveflask/fullstack_template/static/js/components/main/body/headers/Subheader.jsx": {"path":"/Users/luisalves/Documents/dev/code/reactiveflask/fullstack_template/static/js/components/main/body/headers/Subheader.jsx","statementMap":{"0":{"start":{"line":8,"column":4},"end":{"line":12,"column":5}}},"fnMap":{"0":{"name":"(anonymous_0)","decl":{"start":{"line":7,"column":2},"end":{"line":7,"column":3}},"loc":{"start":{"line":7,"column":12},"end":{"line":13,"column":3}},"line":7}},"branchMap":{},"s":{"0":2},"f":{"0":2},"b":{},"_coverageSchema":"332fd63041d2c1bcb487cc26dd0d5f7d97098a6c","hash":"6a3c5b187fedcd233534edf980f7cd8f7efe7f8b"}
,"/Users/luisalves/Documents/dev/code/reactiveflask/fullstack_template/static/js/components/main/body/headers/account/Balance.jsx": {"path":"/Users/luisalves/Documents/dev/code/reactiveflask/fullstack_template/static/js/components/main/body/headers/account/Balance.jsx","statementMap":{"0":{"start":{"line":6,"column":24},"end":{"line":8,"column":2}},"1":{"start":{"line":6,"column":34},"end":{"line":8,"column":1}},"2":{"start":{"line":14,"column":29},"end":{"line":20,"column":3}},"3":{"start":{"line":15,"column":4},"end":{"line":19,"column":5}},"4":{"start":{"line":17,"column":12},"end":{"line":17,"column":36}},"5":{"start":{"line":23,"column":4},"end":{"line":23,"column":16}},"6":{"start":{"line":32,"column":4},"end":{"line":81,"column":5}},"7":{"start":{"line":33,"column":6},"end":{"line":75,"column":7}},"8":{"start":{"line":78,"column":6},"end":{"line":80,"column":7}}},"fnMap":{"0":{"name":"(anonymous_0)","decl":{"start":{"line":6,"column":24},"end":{"line":6,"column":25}},"loc":{"start":{"line":6,"column":34},"end":{"line":8,"column":1}},"line":6},"1":{"name":"(anonymous_1)","decl":{"start":{"line":14,"column":29},"end":{"line":14,"column":30}},"loc":{"start":{"line":14,"column":43},"end":{"line":20,"column":3}},"line":14},"2":{"name":"(anonymous_2)","decl":{"start":{"line":16,"column":18},"end":{"line":16,"column":19}},"loc":{"start":{"line":16,"column":24},"end":{"line":18,"column":9}},"line":16},"3":{"name":"(anonymous_3)","decl":{"start":{"line":22,"column":2},"end":{"line":22,"column":3}},"loc":{"start":{"line":22,"column":21},"end":{"line":24,"column":3}},"line":22},"4":{"name":"(anonymous_4)","decl":{"start":{"line":31,"column":2},"end":{"line":31,"column":3}},"loc":{"start":{"line":31,"column":12},"end":{"line":82,"column":3}},"line":31}},"branchMap":{"0":{"loc":{"start":{"line":32,"column":4},"end":{"line":81,"column":5}},"type":"if","locations":[{"start":{"line":32,"column":4},"end":{"line":81,"column":5}},{"start":{"line":32,"column":4},"end":{"line":81,"column":5}}],"line":32},"1":{"loc":{"start":{"line":42,"column":30},"end":{"line":43,"column":66}},"type":"cond-expr","locations":[{"start":{"line":43,"column":18},"end":{"line":43,"column":48}},{"start":{"line":43,"column":51},"end":{"line":43,"column":66}}],"line":42},"2":{"loc":{"start":{"line":55,"column":30},"end":{"line":56,"column":66}},"type":"cond-expr","locations":[{"start":{"line":56,"column":18},"end":{"line":56,"column":48}},{"start":{"line":56,"column":51},"end":{"line":56,"column":66}}],"line":55},"3":{"loc":{"start":{"line":68,"column":30},"end":{"line":69,"column":66}},"type":"cond-expr","locations":[{"start":{"line":69,"column":18},"end":{"line":69,"column":48}},{"start":{"line":69,"column":51},"end":{"line":69,"column":66}}],"line":68}},"s":{"0":4,"1":2,"2":4,"3":2,"4":0,"5":2,"6":2,"7":0,"8":2},"f":{"0":2,"1":2,"2":0,"3":2,"4":2},"b":{"0":[0,2],"1":[0,0],"2":[0,0],"3":[0,0]},"_coverageSchema":"332fd63041d2c1bcb487cc26dd0d5f7d97098a6c","hash":"86c591df67b7f10f7076178cff48705ab65390b2"}
,"/Users/luisalves/Documents/dev/code/reactiveflask/fullstack_template/static/js/components/main/body/headers/subheader/LeftOptions.jsx": {"path":"/Users/luisalves/Documents/dev/code/reactiveflask/fullstack_template/static/js/components/main/body/headers/subheader/LeftOptions.jsx","statementMap":{"0":{"start":{"line":5,"column":4},"end":{"line":13,"column":5}}},"fnMap":{"0":{"name":"(anonymous_0)","decl":{"start":{"line":4,"column":2},"end":{"line":4,"column":3}},"loc":{"start":{"line":4,"column":12},"end":{"line":14,"column":3}},"line":4}},"branchMap":{},"s":{"0":2},"f":{"0":2},"b":{},"_coverageSchema":"332fd63041d2c1bcb487cc26dd0d5f7d97098a6c","hash":"399f940f4547d3ba59cdf082121fd945a95019c3"}
,"/Users/luisalves/Documents/dev/code/reactiveflask/fullstack_template/static/test/jestsetup.js": {"path":"/Users/luisalves/Documents/dev/code/reactiveflask/fullstack_template/static/test/jestsetup.js","statementMap":{"0":{"start":{"line":4,"column":0},"end":{"line":4,"column":45}},"1":{"start":{"line":6,"column":0},"end":{"line":6,"column":25}},"2":{"start":{"line":7,"column":0},"end":{"line":7,"column":23}},"3":{"start":{"line":8,"column":0},"end":{"line":8,"column":21}}},"fnMap":{},"branchMap":{},"s":{"0":6,"1":6,"2":6,"3":6},"f":{},"b":{},"_coverageSchema":"332fd63041d2c1bcb487cc26dd0d5f7d97098a6c","hash":"088062ecd63614806f57c53e19412e4a3ad48685"}
}
