TN:
SF:/Users/luisalves/Documents/dev/code/reactiveflask/fullstack_template/static/js/actions/balanceActions.js
FN:4,fetchBalance
FN:5,(anonymous_1)
FN:9,(anonymous_2)
FN:12,(anonymous_3)
FNF:4
FNH:0
FNDA:0,fetchBalance
FNDA:0,(anonymous_1)
FNDA:0,(anonymous_2)
FNDA:0,(anonymous_3)
DA:5,0
DA:6,0
DA:8,0
DA:10,0
DA:13,0
LF:5
LH:0
BRF:0
BRH:0
end_of_record
TN:
SF:/Users/luisalves/Documents/dev/code/reactiveflask/fullstack_template/static/js/actions/transactionsActions.js
FN:4,fetchTransactions
FN:5,(anonymous_1)
FN:9,(anonymous_2)
FN:12,(anonymous_3)
FN:18,updateTransactions
FN:19,(anonymous_5)
FN:26,(anonymous_6)
FN:32,(anonymous_7)
FN:41,(anonymous_8)
FN:44,(anonymous_9)
FN:50,updateTransactionsBookmark
FN:51,(anonymous_11)
FN:60,(anonymous_12)
FN:66,(anonymous_13)
FN:75,(anonymous_14)
FN:78,(anonymous_15)
FN:85,updateTransactionsInputData
FN:87,(anonymous_17)
FN:98,(anonymous_18)
FN:105,(anonymous_19)
FN:114,(anonymous_20)
FN:117,(anonymous_21)
FN:124,updateTransactionsCheckbox
FN:125,(anonymous_23)
FN:131,(anonymous_24)
FN:137,(anonymous_25)
FN:146,(anonymous_26)
FN:149,(anonymous_27)
FNF:28
FNH:0
FNDA:0,fetchTransactions
FNDA:0,(anonymous_1)
FNDA:0,(anonymous_2)
FNDA:0,(anonymous_3)
FNDA:0,updateTransactions
FNDA:0,(anonymous_5)
FNDA:0,(anonymous_6)
FNDA:0,(anonymous_7)
FNDA:0,(anonymous_8)
FNDA:0,(anonymous_9)
FNDA:0,updateTransactionsBookmark
FNDA:0,(anonymous_11)
FNDA:0,(anonymous_12)
FNDA:0,(anonymous_13)
FNDA:0,(anonymous_14)
FNDA:0,(anonymous_15)
FNDA:0,updateTransactionsInputData
FNDA:0,(anonymous_17)
FNDA:0,(anonymous_18)
FNDA:0,(anonymous_19)
FNDA:0,(anonymous_20)
FNDA:0,(anonymous_21)
FNDA:0,updateTransactionsCheckbox
FNDA:0,(anonymous_23)
FNDA:0,(anonymous_24)
FNDA:0,(anonymous_25)
FNDA:0,(anonymous_26)
FNDA:0,(anonymous_27)
DA:5,0
DA:6,0
DA:8,0
DA:10,0
DA:13,0
DA:19,0
DA:20,0
DA:22,0
DA:27,0
DA:33,0
DA:39,0
DA:40,0
DA:42,0
DA:45,0
DA:51,0
DA:52,0
DA:54,0
DA:61,0
DA:67,0
DA:72,0
DA:74,0
DA:76,0
DA:79,0
DA:87,0
DA:88,0
DA:89,0
DA:100,0
DA:106,0
DA:111,0
DA:113,0
DA:115,0
DA:118,0
DA:125,0
DA:126,0
DA:128,0
DA:132,0
DA:138,0
DA:143,0
DA:145,0
DA:147,0
DA:150,0
LF:41
LH:0
BRF:0
BRH:0
end_of_record
TN:
SF:/Users/luisalves/Documents/dev/code/reactiveflask/fullstack_template/static/js/components/main/body/Body.jsx
FN:7,(anonymous_0)
FNF:1
FNH:1
FNDA:3,(anonymous_0)
DA:7,2
DA:8,3
LF:2
LH:2
BRF:0
BRH:0
end_of_record
TN:
SF:/Users/luisalves/Documents/dev/code/reactiveflask/fullstack_template/static/js/components/main/body/TabMenu.jsx
FN:8,(anonymous_0)
FNF:1
FNH:1
FNDA:2,(anonymous_0)
DA:9,2
LF:1
LH:1
BRF:0
BRH:0
end_of_record
TN:
SF:/Users/luisalves/Documents/dev/code/reactiveflask/fullstack_template/static/js/components/main/body/accountTransactions/BodyAccount.jsx
FN:8,(anonymous_0)
FN:12,(anonymous_1)
FNF:2
FNH:0
FNDA:0,(anonymous_0)
FNDA:0,(anonymous_1)
DA:9,0
DA:13,0
LF:2
LH:0
BRF:0
BRH:0
end_of_record
TN:
SF:/Users/luisalves/Documents/dev/code/reactiveflask/fullstack_template/static/js/components/main/body/accountTransactions/transactions/Transactions.jsx
FN:15,(anonymous_0)
FN:21,(anonymous_1)
FN:29,(anonymous_2)
FN:35,(anonymous_3)
FN:38,(anonymous_4)
FN:11,(anonymous_5)
FNF:6
FNH:0
FNDA:0,(anonymous_0)
FNDA:0,(anonymous_1)
FNDA:0,(anonymous_2)
FNDA:0,(anonymous_3)
FNDA:0,(anonymous_4)
FNDA:0,(anonymous_5)
DA:12,0
DA:16,0
DA:17,0
DA:18,0
DA:22,0
DA:30,0
DA:36,0
DA:37,0
DA:38,0
DA:39,0
DA:51,0
DA:56,0
LF:12
LH:0
BRDA:36,0,0,0
BRDA:36,0,1,0
BRF:2
BRH:0
end_of_record
TN:
SF:/Users/luisalves/Documents/dev/code/reactiveflask/fullstack_template/static/js/components/main/body/accountTransactions/transactions/rows/Row.jsx
FN:8,(anonymous_0)
FN:14,(anonymous_1)
FN:19,(anonymous_2)
FN:24,(anonymous_3)
FNF:4
FNH:0
FNDA:0,(anonymous_0)
FNDA:0,(anonymous_1)
FNDA:0,(anonymous_2)
FNDA:0,(anonymous_3)
DA:9,0
DA:10,0
DA:11,0
DA:15,0
DA:16,0
DA:20,0
DA:21,0
DA:25,0
DA:26,0
DA:41,0
LF:10
LH:0
BRDA:26,0,0,0
BRDA:26,0,1,0
BRF:2
BRH:0
end_of_record
TN:
SF:/Users/luisalves/Documents/dev/code/reactiveflask/fullstack_template/static/js/components/main/body/accountTransactions/transactions/rows/dataOutputs/InputData.jsx
FN:15,(anonymous_0)
FN:28,(anonymous_1)
FN:32,(anonymous_2)
FN:36,(anonymous_3)
FN:40,(anonymous_4)
FN:44,(anonymous_5)
FN:48,(anonymous_6)
FN:52,(anonymous_7)
FN:60,(anonymous_8)
FN:65,(anonymous_9)
FN:11,(anonymous_10)
FNF:11
FNH:0
FNDA:0,(anonymous_0)
FNDA:0,(anonymous_1)
FNDA:0,(anonymous_2)
FNDA:0,(anonymous_3)
FNDA:0,(anonymous_4)
FNDA:0,(anonymous_5)
FNDA:0,(anonymous_6)
FNDA:0,(anonymous_7)
FNDA:0,(anonymous_8)
FNDA:0,(anonymous_9)
FNDA:0,(anonymous_10)
DA:5,2
DA:6,2
DA:12,0
DA:16,0
DA:17,0
DA:29,0
DA:33,0
DA:37,0
DA:41,0
DA:45,0
DA:49,0
DA:53,0
DA:54,0
DA:56,0
DA:57,0
DA:61,0
DA:62,0
DA:66,0
LF:18
LH:2
BRF:0
BRH:0
end_of_record
TN:
SF:/Users/luisalves/Documents/dev/code/reactiveflask/fullstack_template/static/js/components/main/body/accountTransactions/transactions/rows/dataOutputs/ResultData.jsx
FN:12,(anonymous_0)
FN:21,(anonymous_1)
FN:30,(anonymous_2)
FNF:3
FNH:0
FNDA:0,(anonymous_0)
FNDA:0,(anonymous_1)
FNDA:0,(anonymous_2)
DA:13,0
DA:14,0
DA:18,0
DA:22,0
DA:27,0
DA:31,0
LF:6
LH:0
BRDA:54,0,0,0
BRDA:54,0,1,0
BRF:2
BRH:0
end_of_record
TN:
SF:/Users/luisalves/Documents/dev/code/reactiveflask/fullstack_template/static/js/components/main/body/accountTransactions/transactions/rows/dataOutputs/modal/ColorModal.jsx
FN:12,(anonymous_0)
FN:17,(anonymous_1)
FN:21,(anonymous_2)
FN:8,(anonymous_3)
FNF:4
FNH:0
FNDA:0,(anonymous_0)
FNDA:0,(anonymous_1)
FNDA:0,(anonymous_2)
FNDA:0,(anonymous_3)
DA:9,0
DA:13,0
DA:14,0
DA:18,0
DA:22,0
DA:23,0
DA:52,0
LF:7
LH:0
BRDA:22,0,0,0
BRDA:22,0,1,0
BRF:2
BRH:0
end_of_record
TN:
SF:/Users/luisalves/Documents/dev/code/reactiveflask/fullstack_template/static/js/components/main/body/accountTransactions/transactions/rows/dataOutputs/transactionElements/BookmarkIcon.jsx
FN:3,(anonymous_0)
FN:7,(anonymous_1)
FN:12,(anonymous_2)
FNF:3
FNH:0
FNDA:0,(anonymous_0)
FNDA:0,(anonymous_1)
FNDA:0,(anonymous_2)
DA:3,2
DA:4,0
DA:5,0
DA:7,0
DA:9,0
DA:12,0
LF:6
LH:1
BRF:0
BRH:0
end_of_record
TN:
SF:/Users/luisalves/Documents/dev/code/reactiveflask/fullstack_template/static/js/components/main/body/accountTransactions/transactions/rows/dataOutputs/transactionElements/Checkbox.jsx
FN:11,(anonymous_0)
FN:15,(anonymous_1)
FN:7,(anonymous_2)
FNF:3
FNH:0
FNDA:0,(anonymous_0)
FNDA:0,(anonymous_1)
FNDA:0,(anonymous_2)
DA:8,0
DA:12,0
DA:13,0
DA:16,0
DA:17,0
LF:5
LH:0
BRF:0
BRH:0
end_of_record
TN:
SF:/Users/luisalves/Documents/dev/code/reactiveflask/fullstack_template/static/js/components/main/body/accountTransactions/transactions/rows/dataOutputs/transactionElements/InfoIcon.jsx
FN:4,(anonymous_0)
FNF:1
FNH:0
FNDA:0,(anonymous_0)
DA:4,2
DA:5,0
DA:6,0
LF:3
LH:1
BRF:0
BRH:0
end_of_record
TN:
SF:/Users/luisalves/Documents/dev/code/reactiveflask/fullstack_template/static/js/components/main/body/accountTransactions/transactions/rows/dataOutputs/transactionElements/InputDataFields.jsx
FN:3,(anonymous_0)
FN:6,(anonymous_1)
FNF:2
FNH:0
FNDA:0,(anonymous_0)
FNDA:0,(anonymous_1)
DA:3,2
DA:4,0
DA:6,0
DA:8,0
LF:4
LH:1
BRF:0
BRH:0
end_of_record
TN:
SF:/Users/luisalves/Documents/dev/code/reactiveflask/fullstack_template/static/js/components/main/body/accountTransactions/transactions/rows/dataOutputs/transactionElements/ReconcileIcon.jsx
FN:10,(anonymous_0)
FN:15,(anonymous_1)
FN:20,(anonymous_2)
FN:6,(anonymous_3)
FNF:4
FNH:0
FNDA:0,(anonymous_0)
FNDA:0,(anonymous_1)
FNDA:0,(anonymous_2)
FNDA:0,(anonymous_3)
DA:7,0
DA:11,0
DA:12,0
DA:16,0
DA:17,0
DA:21,0
LF:6
LH:0
BRF:0
BRH:0
end_of_record
TN:
SF:/Users/luisalves/Documents/dev/code/reactiveflask/fullstack_template/static/js/components/main/body/accountTransactions/transactionsHeader/TableHeader.jsx
FN:5,(anonymous_0)
FNF:1
FNH:0
FNDA:0,(anonymous_0)
DA:6,0
LF:1
LH:0
BRF:0
BRH:0
end_of_record
TN:
SF:/Users/luisalves/Documents/dev/code/reactiveflask/fullstack_template/static/js/components/main/body/headers/Header.jsx
FN:7,(anonymous_0)
FNF:1
FNH:1
FNDA:2,(anonymous_0)
DA:8,2
LF:1
LH:1
BRF:0
BRH:0
end_of_record
TN:
SF:/Users/luisalves/Documents/dev/code/reactiveflask/fullstack_template/static/js/components/main/body/headers/Subheader.jsx
FN:7,(anonymous_0)
FNF:1
FNH:1
FNDA:2,(anonymous_0)
DA:8,2
LF:1
LH:1
BRF:0
BRH:0
end_of_record
TN:
SF:/Users/luisalves/Documents/dev/code/reactiveflask/fullstack_template/static/js/components/main/body/headers/account/Balance.jsx
FN:6,(anonymous_0)
FN:14,(anonymous_1)
FN:16,(anonymous_2)
FN:22,(anonymous_3)
FN:31,(anonymous_4)
FNF:5
FNH:4
FNDA:2,(anonymous_0)
FNDA:2,(anonymous_1)
FNDA:0,(anonymous_2)
FNDA:2,(anonymous_3)
FNDA:2,(anonymous_4)
DA:6,4
DA:14,4
DA:15,2
DA:17,0
DA:23,2
DA:32,2
DA:33,0
DA:78,2
LF:8
LH:6
BRDA:32,0,0,0
BRDA:32,0,1,2
BRDA:42,1,0,0
BRDA:42,1,1,0
BRDA:55,2,0,0
BRDA:55,2,1,0
BRDA:68,3,0,0
BRDA:68,3,1,0
BRF:8
BRH:1
end_of_record
TN:
SF:/Users/luisalves/Documents/dev/code/reactiveflask/fullstack_template/static/js/components/main/body/headers/subheader/LeftOptions.jsx
FN:4,(anonymous_0)
FNF:1
FNH:1
FNDA:2,(anonymous_0)
DA:5,2
LF:1
LH:1
BRF:0
BRH:0
end_of_record
TN:
SF:/Users/luisalves/Documents/dev/code/reactiveflask/fullstack_template/static/test/jestsetup.js
FNF:0
FNH:0
DA:4,6
DA:6,6
DA:7,6
DA:8,6
LF:4
LH:4
BRF:0
BRH:0
end_of_record
